This is pdfeTeX, Version 3.141592-1.21a-2.2 (Web2C 7.5.4) (format=pdflatex 2007.11.29)  20 AUG 2009 17:29
entering extended mode
**bio3d_vignette.tex
(./bio3d_vignette.tex
LaTeX2e <2003/12/01>
Babel <v3.8d> and hyphenation patterns for american, french, german, ngerman, b
ahasa, basque, bulgarian, catalan, croatian, czech, danish, dutch, esperanto, e
stonian, finnish, greek, icelandic, irish, italian, latin, magyar, norsk, polis
h, portuges, romanian, russian, serbian, slovak, slovene, spanish, swedish, tur
kish, ukrainian, nohyphenation, loaded.
(/usr/share/texmf/tex/latex/base/article.cls
Document Class: article 2004/02/16 v1.4f Standard LaTeX document class
(/usr/share/texmf/tex/latex/base/size10.clo
File: size10.clo 2004/02/16 v1.4f Standard LaTeX file (size option)
)
\c@part=\count79
\c@section=\count80
\c@subsection=\count81
\c@subsubsection=\count82
\c@paragraph=\count83
\c@subparagraph=\count84
\c@figure=\count85
\c@table=\count86
\abovecaptionskip=\skip41
\belowcaptionskip=\skip42
\bibindent=\dimen102
)
(/usr/share/texmf/tex/latex/natbib/natbib.sty
Package: natbib 2003/06/06 7.1 (PWD)
\bibhang=\skip43
\bibsep=\skip44
LaTeX Info: Redefining \cite on input line 518.
\c@NAT@ctr=\count87
)
(/usr/share/texmf/tex/latex/graphics/color.sty
Package: color 1999/02/16 v1.0i Standard LaTeX Color (DPC)

(/usr/share/texmf/tex/latex/graphics/color.cfg
File: color.cfg 2005/02/03 v1.3 color configuration of teTeX/TeXLive
)
Package color Info: Driver file: pdftex.def on input line 125.

(/usr/share/texmf/tex/latex/graphics/pdftex.def
File: pdftex.def 2002/06/19 v0.03k graphics/color for pdftex
\Gread@gobject=\count88
))
(/usr/share/texmf/tex/latex/hyperref/hyperref.sty
Package: hyperref 2003/11/30 v6.74m Hypertext links for LaTeX

(/usr/share/texmf/tex/latex/graphics/keyval.sty
Package: keyval 1999/03/16 v1.13 key=value parser (DPC)
\KV@toks@=\toks14
)
\@linkdim=\dimen103
\Hy@linkcounter=\count89
\Hy@pagecounter=\count90

(/usr/share/texmf/tex/latex/hyperref/pd1enc.def
File: pd1enc.def 2003/11/30 v6.74m Hyperref: PDFDocEncoding definition (HO)
)
(/usr/share/texmf/tex/latex/hyperref/hyperref.cfg
File: hyperref.cfg 2002/06/06 v1.2 hyperref configuration of TeXLive and teTeX
)
Package hyperref Info: Option `colorlinks' set `true' on input line 1830.
Package hyperref Info: Hyper figures OFF on input line 1880.
Package hyperref Info: Link nesting OFF on input line 1885.
Package hyperref Info: Hyper index ON on input line 1888.
Package hyperref Info: Plain pages ON on input line 1893.
Package hyperref Info: Backreferencing OFF on input line 1900.

Implicit mode ON; LaTeX internals redefined
Package hyperref Info: Bookmarks ON on input line 2004.
(/usr/share/texmf/tex/latex/url/url.sty
\Urlmuskip=\muskip10
Package: url 2004/03/15  ver 3.1  Verb mode for urls, etc.
)
LaTeX Info: Redefining \url on input line 2143.
\Fld@menulength=\count91
\Field@Width=\dimen104
\Fld@charsize=\dimen105
\Choice@toks=\toks15
\Field@toks=\toks16
Package hyperref Info: Hyper figures OFF on input line 2618.
Package hyperref Info: Link nesting OFF on input line 2623.
Package hyperref Info: Hyper index ON on input line 2626.
Package hyperref Info: backreferencing OFF on input line 2633.
Package hyperref Info: Link coloring ON on input line 2636.
\c@Item=\count92
\c@Hfootnote=\count93
)
*hyperref using default driver hpdftex*
(/usr/share/texmf/tex/latex/hyperref/hpdftex.def
File: hpdftex.def 2003/11/30 v6.74m Hyperref driver for pdfTeX

(/usr/share/texmf/tex/latex/psnfss/pifont.sty
Package: pifont 2004/09/15 PSNFSS-v9.2 Pi font support (SPQR) 
LaTeX Font Info:    Try loading font information for U+pzd on input line 63.

(/usr/share/texmf/tex/latex/psnfss/upzd.fd
File: upzd.fd 2001/06/04 font definitions for U/pzd.
)
LaTeX Font Info:    Try loading font information for U+psy on input line 64.

(/usr/share/texmf/tex/latex/psnfss/upsy.fd
File: upsy.fd 2001/06/04 font definitions for U/psy.
))
\Fld@listcount=\count94
\@outlinefile=\write3
)
(/net/home/bgrant/software/R-local/R-2.7.2/share/texmf/Sweave.sty

LaTeX Warning: You have requested package `/net/home/bgrant/software/R-local/R-
2.7.2/share/texmf/Sweave',
               but the package provides `Sweave'.

Package: Sweave 
(/usr/share/texmf/tex/latex/base/ifthen.sty
Package: ifthen 2001/05/26 v1.1c Standard LaTeX ifthen package (DPC)
)
(/usr/share/texmf/tex/latex/graphics/graphicx.sty
Package: graphicx 1999/02/16 v1.0f Enhanced LaTeX Graphics (DPC,SPQR)

(/usr/share/texmf/tex/latex/graphics/graphics.sty
Package: graphics 2001/07/07 v1.0n Standard LaTeX Graphics (DPC,SPQR)

(/usr/share/texmf/tex/latex/graphics/trig.sty
Package: trig 1999/03/16 v1.09 sin cos tan (DPC)
)
(/usr/share/texmf/tex/latex/graphics/graphics.cfg
File: graphics.cfg 2005/02/03 v1.3 graphics configuration of teTeX/TeXLive
)
Package graphics Info: Driver file: pdftex.def on input line 80.
)
\Gin@req@height=\dimen106
\Gin@req@width=\dimen107
)
(/usr/share/texmf/tex/latex/fancyvrb/fancyvrb.sty
Package: fancyvrb 1998/07/17

Style option: `fancyvrb' v2.6, with DG/SPQR fixes <1998/07/17> (tvz)
\FV@CodeLineNo=\count95
\FV@InFile=\read1
\FV@TabBox=\box26
\c@FancyVerbLine=\count96
\FV@StepNumber=\count97
\FV@OutFile=\write4

No file fancyvrb.cfg.
) (/net/home/bgrant/software/R-local/R-2.7.2/share/texmf/upquote.sty
Package: upquote 2003/08/11 v1.1 Covington's upright-quote modification to verb
atim and verb

(/usr/share/texmf/tex/latex/base/textcomp.sty
Package: textcomp 2004/02/22 v1.99f Standard LaTeX package
Package textcomp Info: Sub-encoding information:
(textcomp)               5 = only ISO-Adobe without \textcurrency
(textcomp)               4 = 5 + \texteuro
(textcomp)               3 = 4 + \textohm
(textcomp)               2 = 3 + \textestimated + \textcurrency
(textcomp)               1 = TS1 - \textcircled - \t
(textcomp)               0 = TS1 (full)
(textcomp)             Font families with sub-encoding setting implement
(textcomp)             only a restricted character set as indicated.
(textcomp)             Family '?' is the default used for unknown fonts.
(textcomp)             See the documentation for details.
Package textcomp Info: Setting ? sub-encoding to TS1/1 on input line 71.

(/usr/share/texmf/tex/latex/base/ts1enc.def
File: ts1enc.def 2001/06/05 v3.0e (jk/car/fm) Standard LaTeX file
)
LaTeX Info: Redefining \oldstylenums on input line 266.
Package textcomp Info: Setting cmr sub-encoding to TS1/0 on input line 281.
Package textcomp Info: Setting cmss sub-encoding to TS1/0 on input line 282.
Package textcomp Info: Setting cmtt sub-encoding to TS1/0 on input line 283.
Package textcomp Info: Setting cmvtt sub-encoding to TS1/0 on input line 284.
Package textcomp Info: Setting cmbr sub-encoding to TS1/0 on input line 285.
Package textcomp Info: Setting cmtl sub-encoding to TS1/0 on input line 286.
Package textcomp Info: Setting ccr sub-encoding to TS1/0 on input line 287.
Package textcomp Info: Setting ptm sub-encoding to TS1/4 on input line 288.
Package textcomp Info: Setting pcr sub-encoding to TS1/4 on input line 289.
Package textcomp Info: Setting phv sub-encoding to TS1/4 on input line 290.
Package textcomp Info: Setting ppl sub-encoding to TS1/3 on input line 291.
Package textcomp Info: Setting pag sub-encoding to TS1/4 on input line 292.
Package textcomp Info: Setting pbk sub-encoding to TS1/4 on input line 293.
Package textcomp Info: Setting pnc sub-encoding to TS1/4 on input line 294.
Package textcomp Info: Setting pzc sub-encoding to TS1/4 on input line 295.
Package textcomp Info: Setting bch sub-encoding to TS1/4 on input line 296.
Package textcomp Info: Setting put sub-encoding to TS1/5 on input line 297.
Package textcomp Info: Setting uag sub-encoding to TS1/5 on input line 298.
Package textcomp Info: Setting ugq sub-encoding to TS1/5 on input line 299.
Package textcomp Info: Setting ul8 sub-encoding to TS1/4 on input line 300.
Package textcomp Info: Setting ul9 sub-encoding to TS1/4 on input line 301.
Package textcomp Info: Setting augie sub-encoding to TS1/5 on input line 302.
Package textcomp Info: Setting dayrom sub-encoding to TS1/3 on input line 303.
Package textcomp Info: Setting dayroms sub-encoding to TS1/3 on input line 304.

Package textcomp Info: Setting pxr sub-encoding to TS1/0 on input line 305.
Package textcomp Info: Setting pxss sub-encoding to TS1/0 on input line 306.
Package textcomp Info: Setting pxtt sub-encoding to TS1/0 on input line 307.
Package textcomp Info: Setting txr sub-encoding to TS1/0 on input line 308.
Package textcomp Info: Setting txss sub-encoding to TS1/0 on input line 309.
Package textcomp Info: Setting txtt sub-encoding to TS1/0 on input line 310.
Package textcomp Info: Setting futs sub-encoding to TS1/4 on input line 311.
Package textcomp Info: Setting futx sub-encoding to TS1/4 on input line 312.
Package textcomp Info: Setting futj sub-encoding to TS1/4 on input line 313.
Package textcomp Info: Setting hlh sub-encoding to TS1/3 on input line 314.
Package textcomp Info: Setting hls sub-encoding to TS1/3 on input line 315.
Package textcomp Info: Setting hlst sub-encoding to TS1/3 on input line 316.
Package textcomp Info: Setting hlct sub-encoding to TS1/5 on input line 317.
Package textcomp Info: Setting hlx sub-encoding to TS1/5 on input line 318.
Package textcomp Info: Setting hlce sub-encoding to TS1/5 on input line 319.
Package textcomp Info: Setting hlcn sub-encoding to TS1/5 on input line 320.
Package textcomp Info: Setting hlcw sub-encoding to TS1/5 on input line 321.
Package textcomp Info: Setting hlcf sub-encoding to TS1/5 on input line 322.
Package textcomp Info: Setting pplx sub-encoding to TS1/3 on input line 323.
Package textcomp Info: Setting pplj sub-encoding to TS1/3 on input line 324.
Package textcomp Info: Setting ptmx sub-encoding to TS1/4 on input line 325.
Package textcomp Info: Setting ptmj sub-encoding to TS1/4 on input line 326.
))
(/usr/share/texmf/tex/latex/base/fontenc.sty
Package: fontenc 2004/02/22 v1.99f Standard LaTeX package

(/usr/share/texmf/tex/latex/base/t1enc.def
File: t1enc.def 2004/02/22 v1.99f Standard LaTeX file
LaTeX Font Info:    Redeclaring font encoding T1 on input line 43.
))
(/usr/share/texmf/tex/latex/ae/ae.sty
Package: ae 2001/02/12 1.3 Almost European Computer Modern

(/usr/share/texmf/tex/latex/base/fontenc.sty
Package: fontenc 2004/02/22 v1.99f Standard LaTeX package

(/usr/share/texmf/tex/latex/base/t1enc.def
File: t1enc.def 2004/02/22 v1.99f Standard LaTeX file
LaTeX Font Info:    Redeclaring font encoding T1 on input line 43.
)
LaTeX Font Info:    Try loading font information for T1+aer on input line 100.

(/usr/share/texmf/tex/latex/ae/t1aer.fd
File: t1aer.fd 1997/11/16 Font definitions for T1/aer.
)))) (./bio3d_vignette.aux)
\openout1 = `bio3d_vignette.aux'.

LaTeX Font Info:    Checking defaults for OML/cmm/m/it on input line 21.
LaTeX Font Info:    ... okay on input line 21.
LaTeX Font Info:    Checking defaults for T1/cmr/m/n on input line 21.
LaTeX Font Info:    ... okay on input line 21.
LaTeX Font Info:    Checking defaults for OT1/cmr/m/n on input line 21.
LaTeX Font Info:    ... okay on input line 21.
LaTeX Font Info:    Checking defaults for OMS/cmsy/m/n on input line 21.
LaTeX Font Info:    ... okay on input line 21.
LaTeX Font Info:    Checking defaults for OMX/cmex/m/n on input line 21.
LaTeX Font Info:    ... okay on input line 21.
LaTeX Font Info:    Checking defaults for U/cmr/m/n on input line 21.
LaTeX Font Info:    ... okay on input line 21.
LaTeX Font Info:    Checking defaults for PD1/pdf/m/n on input line 21.
LaTeX Font Info:    ... okay on input line 21.
LaTeX Font Info:    Checking defaults for TS1/cmr/m/n on input line 21.
LaTeX Font Info:    Try loading font information for TS1+cmr on input line 21.

(/usr/share/texmf/tex/latex/base/ts1cmr.fd
File: ts1cmr.fd 1999/05/25 v2.5h Standard LaTeX font definitions
)
LaTeX Font Info:    ... okay on input line 21.

(/usr/share/texmf/tex/context/base/supp-pdf.tex
(/usr/share/texmf/tex/context/base/supp-mis.tex
loading : Context Support Macros / Miscellaneous (2004.10.26)
\protectiondepth=\count98
\scratchcounter=\count99
\scratchtoks=\toks17
\scratchdimen=\dimen108
\scratchskip=\skip45
\scratchmuskip=\muskip11
\scratchbox=\box27
\scratchread=\read2
\scratchwrite=\write5
\zeropoint=\dimen109
\onepoint=\dimen110
\onebasepoint=\dimen111
\minusone=\count100
\thousandpoint=\dimen112
\onerealpoint=\dimen113
\emptytoks=\toks18
\nextbox=\box28
\nextdepth=\dimen114
\everyline=\toks19
\!!counta=\count101
\!!countb=\count102
\recursecounter=\count103
)
loading : Context Support Macros / PDF (2004.03.26)
\nofMPsegments=\count104
\nofMParguments=\count105
\MPscratchCnt=\count106
\MPscratchDim=\dimen115
\MPnumerator=\count107
\everyMPtoPDFconversion=\toks20
)
Package hyperref Info: Link coloring ON on input line 21.
 (/usr/share/texmf/tex/latex/hyperref/nameref.sty
Package: nameref 2003/12/03 v2.21 Cross-referencing by name of section
\c@section@level=\count108
)
LaTeX Info: Redefining \ref on input line 21.
LaTeX Info: Redefining \pageref on input line 21.
 (./bio3d_vignette.out)
(./bio3d_vignette.out)
\openout3 = `bio3d_vignette.out'.

LaTeX Font Info:    External font `cmex10' loaded for size
(Font)              <12> on input line 25.
LaTeX Font Info:    External font `cmex10' loaded for size
(Font)              <8> on input line 25.
LaTeX Font Info:    External font `cmex10' loaded for size
(Font)              <6> on input line 25.
 (./bio3d_vignette.toc
LaTeX Font Info:    External font `cmex10' loaded for size
(Font)              <7> on input line 3.
LaTeX Font Info:    External font `cmex10' loaded for size
(Font)              <5> on input line 3.
)
\tf@toc=\write6
\openout6 = `bio3d_vignette.toc'.

LaTeX Font Info:    Try loading font information for T1+aett on input line 29.

(/usr/share/texmf/tex/latex/ae/t1aett.fd
File: t1aett.fd 1997/11/16 Font definitions for T1/aett.
) [1

{/usr/share/texmf-var/fonts/map/pdftex/updmap/pdftex.map}] [2] <figs/fig-005.pd
f, id=129, 433.62pt x 433.62pt>
File: figs/fig-005.pdf Graphic file (type pdf)

<use figs/fig-005.pdf>
Overfull \hbox (13.06012pt too wide) in paragraph at lines 133--136
[] \T1/aer/m/n/10 The re-turned \T1/aett/m/n/10 inds
 []

[3] [4 <./figs/fig-005.pdf>] [5]
Overfull \hbox (3.1749pt too wide) in paragraph at lines 223--224
\T1/aer/m/n/10 Conventional struc-tural su-per-po-si-tion of pro-teins min-i-mi
zes the root mean square
 []

<figs/fig-010.pdf, id=152, 433.62pt x 433.62pt>
File: figs/fig-010.pdf Graphic file (type pdf)
 <use figs/fig-010.pdf> [6]
<figs/core.png, id=160, 353.32pt x 481.8pt>
File: figs/core.png Graphic file (type png)
 <use figs/core.png> [7 <./figs/fig-010.pdf>] [8 <./figs/core.png>]
<figs/fit.png, id=175, 127.77336pt x 74.00449pt>
File: figs/fit.png Graphic file (type png)
 <use figs/fit.png> [9 <./figs/fit.png>] <figs/fig-016.pdf, id=183, 433.62pt x 
433.62pt>
File: figs/fig-016.pdf Graphic file (type pdf)

<use figs/fig-016.pdf> [10 <./figs/fig-016.pdf>]
<figs/fig-017.pdf, id=195, 433.62pt x 433.62pt>
File: figs/fig-017.pdf Graphic file (type pdf)
 <use figs/fig-017.pdf>
<figs/pca.png, id=196, 256.0767pt x 138.5175pt>
File: figs/pca.png Graphic file (type png)
 <use figs/pca.png> [11 <./figs/fig-017.pdf>] <figs/fig-019.pdf, id=216, 433.62
pt x 433.62pt>
File: figs/fig-019.pdf Graphic file (type pdf)

<use figs/fig-019.pdf> [12 <./figs/pca.png> <./figs/fig-019.pdf>]
<figs/fig-blasthits.pdf, id=228, 433.62pt x 433.62pt>
File: figs/fig-blasthits.pdf Graphic file (type pdf)

<use figs/fig-blasthits.pdf> <figs/fig-023.pdf, id=229, 433.62pt x 433.62pt>
File: figs/fig-023.pdf Graphic file (type pdf)

<use figs/fig-023.pdf> [13] [14 <./figs/fig-blasthits.pdf>]
<figs/fig-024.pdf, id=247, 433.62pt x 433.62pt>
File: figs/fig-024.pdf Graphic file (type pdf)
 <use figs/fig-024.pdf> [15 <./figs/fig-023.pdf>] <figs/fig-026.pdf, id=259, 43
3.62pt x 433.62pt>
File: figs/fig-026.pdf Graphic file (type pdf)

<use figs/fig-026.pdf> [16 <./figs/fig-024.pdf>]
<figs/fig-028.pdf, id=271, 433.62pt x 433.62pt>
File: figs/fig-028.pdf Graphic file (type pdf)
 <use figs/fig-028.pdf> [17 <./figs/fig-026.pdf>]
LaTeX Font Info:    Try loading font information for TS1+aett on input line 565
.

(/net/home/bgrant/software/R-local/R-2.7.2/share/texmf/ts1aett.fd
File: ts1aett.fd 
)
LaTeX Font Info:    Try loading font information for TS1+cmtt on input line 565
.

(/usr/share/texmf/tex/latex/base/ts1cmtt.fd
File: ts1cmtt.fd 1999/05/25 v2.5h Standard LaTeX font definitions
)
LaTeX Font Info:    Font shape `TS1/aett/m/n' in size <10> not available
(Font)              Font shape `TS1/cmtt/m/n' tried instead on input line 565.

<figs/fig-030.pdf, id=282, 433.62pt x 433.62pt>
File: figs/fig-030.pdf Graphic file (type pdf)
 <use figs/fig-030.pdf> [18 <./figs/fig-028.pdf>] <figs/fig-031.pdf, id=293, 43
3.62pt x 433.62pt>
File: figs/fig-031.pdf Graphic file (type pdf)

<use figs/fig-031.pdf> [19 <./figs/fig-030.pdf>] [20 <./figs/fig-031.pdf>]
<figs/fig-034.pdf, id=313, 433.62pt x 433.62pt>
File: figs/fig-034.pdf Graphic file (type pdf)
 <use figs/fig-034.pdf> [21 <./figs/fig-034.pdf>] <figs/fig-044.pdf, id=324, 43
3.62pt x 433.62pt>
File: figs/fig-044.pdf Graphic file (type pdf)

<use figs/fig-044.pdf> [22] <figs/fig-045.pdf, id=330, 433.62pt x 433.62pt>
File: figs/fig-045.pdf Graphic file (type pdf)

<use figs/fig-045.pdf> [23 <./figs/fig-044.pdf>] [24 <./figs/fig-045.pdf>]
[25] (./bio3d_vignette.aux) ) 
Here is how much of TeX's memory you used:
 4221 strings out of 94500
 57569 string characters out of 1173668
 102915 words of memory out of 1000000
 7213 multiletter control sequences out of 10000+50000
 37496 words of font info for 78 fonts, out of 500000 for 2000
 580 hyphenation exceptions out of 1000
 35i,8n,36p,844b,342s stack positions out of 1500i,500n,5000p,200000b,5000s
PDF statistics:
 355 PDF objects out of 300000
 62 named destinations out of 131072
 211 words of extra memory for PDF output out of 65536
 </var/lib/texmf/pk/ljfour/jknappen/tc/tctt1000.60
0pk></usr/share/texmf/fonts/type1/bluesky/cm/cmsltt10.pfb></usr/share/texmf/fon
ts/type1/bluesky/cm/cmtt10.pfb></usr/share/texmf/fonts/type1/bluesky/cm/cmsy10.
pfb></usr/share/texmf/fonts/type1/bluesky/cm/cmtt8.pfb></usr/share/texmf/fonts/
type1/bluesky/cm/cmr8.pfb></usr/share/texmf/fonts/type1/bluesky/cm/cmr6.pfb></u
sr/share/texmf/fonts/type1/bluesky/cm/cmti10.pfb></usr/share/texmf/fonts/type1/
bluesky/cm/cmr7.pfb></usr/share/texmf/fonts/type1/bluesky/cm/cmr10.pfb></usr/sh
are/texmf/fonts/type1/bluesky/cm/cmbx10.pfb></usr/share/texmf/fonts/type1/blues
ky/cm/cmbx12.pfb></usr/share/texmf/fonts/type1/bluesky/cm/cmr12.pfb></usr/share
/texmf/fonts/type1/bluesky/cm/cmr17.pfb>
Output written on bio3d_vignette.pdf (25 pages, 4178511 bytes).
