This is pdfeTeXk, Version 3.141592-1.21a-2.2 (Web2C 7.5.4) (format=etex 2009.6.8)  2 AUG 2011 13:06
entering extended mode
 file:line:error style messages enabled.
**\nonstopmode \input /net/home/bgrant/tmpwork/Rpackage/vignettes_devel/intro_v
ignette/Bio3D_introduction.Rnw

(/net/home/bgrant/tmpwork/Rpackage/vignettes_devel/intro_vignette/Bio3D_introdu
ction.Rnw
/net/home/bgrant/tmpwork/Rpackage/vignettes_devel/intro_vignette/Bio3D_introduc
tion.Rnw:6: Undefined control sequence.
l.6 \documentclass
                  [letter]{article}
The control sequence at the end of the top line
of your error message was never \def'ed. If you have
misspelled it (e.g., `\hobx'), type `I' and the correct
spelling (e.g., `I\hbox'). Otherwise just continue,
and I'll forget about whatever was undefined.

/net/home/bgrant/tmpwork/Rpackage/vignettes_devel/intro_vignette/Bio3D_introduc
tion.Rnw:8: Undefined control sequence.
l.8 \usepackage
               {natbib}
The control sequence at the end of the top line
of your error message was never \def'ed. If you have
misspelled it (e.g., `\hobx'), type `I' and the correct
spelling (e.g., `I\hbox'). Otherwise just continue,
and I'll forget about whatever was undefined.

/net/home/bgrant/tmpwork/Rpackage/vignettes_devel/intro_vignette/Bio3D_introduc
tion.Rnw:9: Undefined control sequence.
l.9 \usepackage
               {color}
The control sequence at the end of the top line
of your error message was never \def'ed. If you have
misspelled it (e.g., `\hobx'), type `I' and the correct
spelling (e.g., `I\hbox'). Otherwise just continue,
and I'll forget about whatever was undefined.

/net/home/bgrant/tmpwork/Rpackage/vignettes_devel/intro_vignette/Bio3D_introduc
tion.Rnw:10: Undefined control sequence.
l.10 \definecolor
                 {myurlblue}{rgb}{0.3,0.2,0.7}
The control sequence at the end of the top line
of your error message was never \def'ed. If you have
misspelled it (e.g., `\hobx'), type `I' and the correct
spelling (e.g., `I\hbox'). Otherwise just continue,
and I'll forget about whatever was undefined.

/net/home/bgrant/tmpwork/Rpackage/vignettes_devel/intro_vignette/Bio3D_introduc
tion.Rnw:11: Undefined control sequence.
l.11 \usepackage
                [colorlinks=true,urlcolor=myurlblue,pagecolor=black,citecolo...
The control sequence at the end of the top line
of your error message was never \def'ed. If you have
misspelled it (e.g., `\hobx'), type `I' and the correct
spelling (e.g., `I\hbox'). Otherwise just continue,
and I'll forget about whatever was undefined.


Overfull \hbox (80.38512pt too wide) in paragraph at lines 6--13
[]\tenrm [letter]article nat-bib color myurl-bluergb0.3,0.2,0.7 [col-or-links=t
rue,urlcolor=myurlblue,pagecolor=black,citecolor=myurlbl|

\hbox(7.5+2.5)x469.75499, glue set - 1.0
.\hbox(0.0+0.0)x20.0
.\tenrm [
.\tenrm l
.\tenrm e
.\tenrm t
.etc.

/net/home/bgrant/tmpwork/Rpackage/vignettes_devel/intro_vignette/Bio3D_introduc
tion.Rnw:15: Undefined control sequence.
l.15 \usepackage
                {times}
The control sequence at the end of the top line
of your error message was never \def'ed. If you have
misspelled it (e.g., `\hobx'), type `I' and the correct
spelling (e.g., `I\hbox'). Otherwise just continue,
and I'll forget about whatever was undefined.

/net/home/bgrant/tmpwork/Rpackage/vignettes_devel/intro_vignette/Bio3D_introduc
tion.Rnw:16: Undefined control sequence.
l.16 \usepackage
                {hyperref}
The control sequence at the end of the top line
of your error message was never \def'ed. If you have
misspelled it (e.g., `\hobx'), type `I' and the correct
spelling (e.g., `I\hbox'). Otherwise just continue,
and I'll forget about whatever was undefined.

/net/home/bgrant/tmpwork/Rpackage/vignettes_devel/intro_vignette/Bio3D_introduc
tion.Rnw:19: Undefined control sequence.
l.19 \textwidth
               =6.2in
The control sequence at the end of the top line
of your error message was never \def'ed. If you have
misspelled it (e.g., `\hobx'), type `I' and the correct
spelling (e.g., `I\hbox'). Otherwise just continue,
and I'll forget about whatever was undefined.

/net/home/bgrant/tmpwork/Rpackage/vignettes_devel/intro_vignette/Bio3D_introduc
tion.Rnw:20: Undefined control sequence.
l.20 \textheight
                =8.5in
The control sequence at the end of the top line
of your error message was never \def'ed. If you have
misspelled it (e.g., `\hobx'), type `I' and the correct
spelling (e.g., `I\hbox'). Otherwise just continue,
and I'll forget about whatever was undefined.

/net/home/bgrant/tmpwork/Rpackage/vignettes_devel/intro_vignette/Bio3D_introduc
tion.Rnw:22: Undefined control sequence.
l.22 \oddsidemargin
                   =.1in
The control sequence at the end of the top line
of your error message was never \def'ed. If you have
misspelled it (e.g., `\hobx'), type `I' and the correct
spelling (e.g., `I\hbox'). Otherwise just continue,
and I'll forget about whatever was undefined.

/net/home/bgrant/tmpwork/Rpackage/vignettes_devel/intro_vignette/Bio3D_introduc
tion.Rnw:23: Undefined control sequence.
l.23 \evensidemargin
                    =.1in
The control sequence at the end of the top line
of your error message was never \def'ed. If you have
misspelled it (e.g., `\hobx'), type `I' and the correct
spelling (e.g., `I\hbox'). Otherwise just continue,
and I'll forget about whatever was undefined.

/net/home/bgrant/tmpwork/Rpackage/vignettes_devel/intro_vignette/Bio3D_introduc
tion.Rnw:24: Undefined control sequence.
l.24 \headheight
                =-.3in
The control sequence at the end of the top line
of your error message was never \def'ed. If you have
misspelled it (e.g., `\hobx'), type `I' and the correct
spelling (e.g., `I\hbox'). Otherwise just continue,
and I'll forget about whatever was undefined.

/net/home/bgrant/tmpwork/Rpackage/vignettes_devel/intro_vignette/Bio3D_introduc
tion.Rnw:26: Undefined control sequence.
l.26 \begin
           {document}
The control sequence at the end of the top line
of your error message was never \def'ed. If you have
misspelled it (e.g., `\hobx'), type `I' and the correct
spelling (e.g., `I\hbox'). Otherwise just continue,
and I'll forget about whatever was undefined.

/net/home/bgrant/tmpwork/Rpackage/vignettes_devel/intro_vignette/Bio3D_introduc
tion.Rnw:28: Undefined control sequence.
l.28 \title
           {Bio3D Installation and Overview}
The control sequence at the end of the top line
of your error message was never \def'ed. If you have
misspelled it (e.g., `\hobx'), type `I' and the correct
spelling (e.g., `I\hbox'). Otherwise just continue,
and I'll forget about whatever was undefined.

/net/home/bgrant/tmpwork/Rpackage/vignettes_devel/intro_vignette/Bio3D_introduc
tion.Rnw:29: Undefined control sequence.
l.29 \maketitle
               
The control sequence at the end of the top line
of your error message was never \def'ed. If you have
misspelled it (e.g., `\hobx'), type `I' and the correct
spelling (e.g., `I\hbox'). Otherwise just continue,
and I'll forget about whatever was undefined.

/net/home/bgrant/tmpwork/Rpackage/vignettes_devel/intro_vignette/Bio3D_introduc
tion.Rnw:32: Undefined control sequence.
l.32 \section
             {Introduction}
The control sequence at the end of the top line
of your error message was never \def'ed. If you have
misspelled it (e.g., `\hobx'), type `I' and the correct
spelling (e.g., `I\hbox'). Otherwise just continue,
and I'll forget about whatever was undefined.

/net/home/bgrant/tmpwork/Rpackage/vignettes_devel/intro_vignette/Bio3D_introduc
tion.Rnw:33: Undefined control sequence.
<argument> ...ns executable examples, see \texttt 
                                                  {help(vignette)} for furth...

\footnote ...acefactor \the \spacefactor }\/\fi #1
                                                  \@sf \vfootnote {#1}
l.33 ...xttt{help(vignette)} for further details.}
                                                   in R parlance, is to prov...
The control sequence at the end of the top line
of your error message was never \def'ed. If you have
misspelled it (e.g., `\hobx'), type `I' and the correct
spelling (e.g., `I\hbox'). Otherwise just continue,
and I'll forget about whatever was undefined.

/net/home/bgrant/tmpwork/Rpackage/vignettes_devel/intro_vignette/Bio3D_introduc
tion.Rnw:33: Undefined control sequence.
<argument> ...ns executable examples, see \texttt 
                                                  {help(vignette)} for furth...

\llap #1->\hbox to\z@ {\hss #1
                              }
\textindent #1->\indent \llap {#1\enspace }
                                           \ignorespaces 
\vfootnote ...\xspaceskip \z@skip \textindent {#1}
                                                  \footstrut \futurelet \nex...
l.33 ...xttt{help(vignette)} for further details.}
                                                   in R parlance, is to prov...
The control sequence at the end of the top line
of your error message was never \def'ed. If you have
misspelled it (e.g., `\hobx'), type `I' and the correct
spelling (e.g., `I\hbox'). Otherwise just continue,
and I'll forget about whatever was undefined.

/net/home/bgrant/tmpwork/Rpackage/vignettes_devel/intro_vignette/Bio3D_introduc
tion.Rnw:33: Undefined control sequence.
l.33 ...introduction to the bio3d R package \citep
                                                  {grant06}.  A number of ot...
The control sequence at the end of the top line
of your error message was never \def'ed. If you have
misspelled it (e.g., `\hobx'), type `I' and the correct
spelling (e.g., `I\hbox'). Otherwise just continue,
and I'll forget about whatever was undefined.

/net/home/bgrant/tmpwork/Rpackage/vignettes_devel/intro_vignette/Bio3D_introduc
tion.Rnw:33: Undefined control sequence.
l.33 ...ignettes are available, including: \texttt
                                                  {Comparative protein struc...
The control sequence at the end of the top line
of your error message was never \def'ed. If you have
misspelled it (e.g., `\hobx'), type `I' and the correct
spelling (e.g., `I\hbox'). Otherwise just continue,
and I'll forget about whatever was undefined.

/net/home/bgrant/tmpwork/Rpackage/vignettes_devel/intro_vignette/Bio3D_introduc
tion.Rnw:33: Undefined control sequence.
l.33 ...in structure analysis with Bio3D}, \texttt
                                                  {Introduction to sequence ...
The control sequence at the end of the top line
of your error message was never \def'ed. If you have
misspelled it (e.g., `\hobx'), type `I' and the correct
spelling (e.g., `I\hbox'). Otherwise just continue,
and I'll forget about whatever was undefined.

/net/home/bgrant/tmpwork/Rpackage/vignettes_devel/intro_vignette/Bio3D_introduc
tion.Rnw:33: Undefined control sequence.
l.33 ...servation analysis with Bio3D} and \texttt
                                                  {Basic trajectory analysis...
The control sequence at the end of the top line
of your error message was never \def'ed. If you have
misspelled it (e.g., `\hobx'), type `I' and the correct
spelling (e.g., `I\hbox'). Otherwise just continue,
and I'll forget about whatever was undefined.

/net/home/bgrant/tmpwork/Rpackage/vignettes_devel/intro_vignette/Bio3D_introduc
tion.Rnw:36: Undefined control sequence.
l.36 \paragraph
               {Supporting Material:}
The control sequence at the end of the top line
of your error message was never \def'ed. If you have
misspelled it (e.g., `\hobx'), type `I' and the correct
spelling (e.g., `I\hbox'). Otherwise just continue,
and I'll forget about whatever was undefined.

/net/home/bgrant/tmpwork/Rpackage/vignettes_devel/intro_vignette/Bio3D_introduc
tion.Rnw:37: Undefined control sequence.
l.37 ... be obtained from the bio3d website: \href
                                                  {http://mccammon.ucsd.edu/...
The control sequence at the end of the top line
of your error message was never \def'ed. If you have
misspelled it (e.g., `\hobx'), type `I' and the correct
spelling (e.g., `I\hbox'). Otherwise just continue,
and I'll forget about whatever was undefined.

/net/home/bgrant/tmpwork/Rpackage/vignettes_devel/intro_vignette/Bio3D_introduc
tion.Rnw:37: Undefined control sequence.
l.37 ...d.edu/$\sim$bgrant/bio3d/} and wiki: \href
                                                  {http://bio3d.pbwiki.com/}...
The control sequence at the end of the top line
of your error message was never \def'ed. If you have
misspelled it (e.g., `\hobx'), type `I' and the correct
spelling (e.g., `I\hbox'). Otherwise just continue,
and I'll forget about whatever was undefined.

/net/home/bgrant/tmpwork/Rpackage/vignettes_devel/intro_vignette/Bio3D_introduc
tion.Rnw:41: Undefined control sequence.
l.41 \section
             {Prequisites}
The control sequence at the end of the top line
of your error message was never \def'ed. If you have
misspelled it (e.g., `\hobx'), type `I' and the correct
spelling (e.g., `I\hbox'). Otherwise just continue,
and I'll forget about whatever was undefined.

/net/home/bgrant/tmpwork/Rpackage/vignettes_devel/intro_vignette/Bio3D_introduc
tion.Rnw:43: Undefined control sequence.
l.43 ...ogy.  It is based on the R language ({\url
                                                   www.r-project.org}).  You...
The control sequence at the end of the top line
of your error message was never \def'ed. If you have
misspelled it (e.g., `\hobx'), type `I' and the correct
spelling (e.g., `I\hbox'). Otherwise just continue,
and I'll forget about whatever was undefined.

/net/home/bgrant/tmpwork/Rpackage/vignettes_devel/intro_vignette/Bio3D_introduc
tion.Rnw:51: Undefined control sequence.
l.51 \subsection
                {How to report a bug}
The control sequence at the end of the top line
of your error message was never \def'ed. If you have
misspelled it (e.g., `\hobx'), type `I' and the correct
spelling (e.g., `I\hbox'). Otherwise just continue,
and I'll forget about whatever was undefined.

/net/home/bgrant/tmpwork/Rpackage/vignettes_devel/intro_vignette/Bio3D_introduc
tion.Rnw:63: Undefined control sequence.
l.63 \begin
           {itemize}
The control sequence at the end of the top line
of your error message was never \def'ed. If you have
misspelled it (e.g., `\hobx'), type `I' and the correct
spelling (e.g., `I\hbox'). Otherwise just continue,
and I'll forget about whatever was undefined.

[1] )
Output written on Bio3D_introduction.dvi (1 page, 3528 bytes).
